<?xml version="1.0" encoding="UTF-8"?>
<!-- Generated by org.testng.reporters.JUnitXMLReporter -->
<testsuite hostname="Lenovo-PC" ignored="2" name="Test" tests="7" failures="1" timestamp="23 Nov 2018 15:56:04 GMT" time="143.388" errors="0">
  <testcase name="@AfterMethod postTest" time="30.124" classname="com.crm.genericLib.BaseClass">
    <failure type="org.openqa.selenium.NoSuchElementException" message="Unable to locate element: {&amp;quot;method&amp;quot;:&amp;quot;xpath&amp;quot;,&amp;quot;selector&amp;quot;:&amp;quot;//img[@src=&amp;apos;themes/softed/images/user.PNG&amp;apos;]&amp;quot;}
Command duration or timeout: 30.11 seconds
For documentation on this error, please visit: http://seleniumhq.org/exceptions/no_such_element.html
Build info: version: &amp;apos;2.53.1&amp;apos;, revision: &amp;apos;a36b8b1&amp;apos;, time: &amp;apos;2016-06-30 17:32:46&amp;apos;
System info: host: &amp;apos;Lenovo-PC&amp;apos;, ip: &amp;apos;192.168.40.1&amp;apos;, os.name: &amp;apos;Windows 7&amp;apos;, os.arch: &amp;apos;amd64&amp;apos;, os.version: &amp;apos;6.1&amp;apos;, java.version: &amp;apos;1.8.0_91&amp;apos;
Driver info: org.openqa.selenium.firefox.FirefoxDriver
Capabilities [{applicationCacheEnabled=true, rotatable=false, handlesAlerts=true, databaseEnabled=true, version=47.0.2, platform=WINDOWS, nativeEvents=false, acceptSslCerts=true, webStorageEnabled=true, locationContextEnabled=true, browserName=firefox, takesScreenshot=true, javascriptEnabled=true, cssSelectorsEnabled=true}]
Session ID: 29333507-35fe-4ea4-aba6-d84f331696fd
*** Element info: {Using=xpath, value=//img[@src=&amp;apos;themes/softed/images/user.PNG&amp;apos;]}">
      <![CDATA[org.openqa.selenium.NoSuchElementException: Unable to locate element: {"method":"xpath","selector":"//img[@src='themes/softed/images/user.PNG']"}
Command duration or timeout: 30.11 seconds
For documentation on this error, please visit: http://seleniumhq.org/exceptions/no_such_element.html
Build info: version: '2.53.1', revision: 'a36b8b1', time: '2016-06-30 17:32:46'
System info: host: 'Lenovo-PC', ip: '192.168.40.1', os.name: 'Windows 7', os.arch: 'amd64', os.version: '6.1', java.version: '1.8.0_91'
Driver info: org.openqa.selenium.firefox.FirefoxDriver
Capabilities [{applicationCacheEnabled=true, rotatable=false, handlesAlerts=true, databaseEnabled=true, version=47.0.2, platform=WINDOWS, nativeEvents=false, acceptSslCerts=true, webStorageEnabled=true, locationContextEnabled=true, browserName=firefox, takesScreenshot=true, javascriptEnabled=true, cssSelectorsEnabled=true}]
Session ID: 29333507-35fe-4ea4-aba6-d84f331696fd
*** Element info: {Using=xpath, value=//img[@src='themes/softed/images/user.PNG']}
at org.openqa.selenium.remote.ErrorHandler.createThrowable(ErrorHandler.java:206)
at org.openqa.selenium.remote.ErrorHandler.throwIfResponseFailed(ErrorHandler.java:158)
at org.openqa.selenium.remote.RemoteWebDriver.execute(RemoteWebDriver.java:678)
at org.openqa.selenium.remote.RemoteWebDriver.findElement(RemoteWebDriver.java:363)
at org.openqa.selenium.remote.RemoteWebDriver.findElementByXPath(RemoteWebDriver.java:500)
at org.openqa.selenium.By$ByXPath.findElement(By.java:361)
at org.openqa.selenium.remote.RemoteWebDriver.findElement(RemoteWebDriver.java:355)
at org.openqa.selenium.support.pagefactory.DefaultElementLocator.findElement(DefaultElementLocator.java:69)
at org.openqa.selenium.support.pagefactory.internal.LocatingElementHandler.invoke(LocatingElementHandler.java:38)
at com.sun.proxy.$Proxy12.getCoordinates(Unknown Source)
at org.openqa.selenium.interactions.internal.MouseAction.getActionLocation(MouseAction.java:51)
at org.openqa.selenium.interactions.MoveMouseAction.perform(MoveMouseAction.java:39)
at org.openqa.selenium.interactions.CompositeAction.perform(CompositeAction.java:50)
at org.openqa.selenium.interactions.Actions.perform(Actions.java:373)
at com.crm.objectRepository.HomePage.movecursorOnsignout(HomePage.java:32)
at com.crm.genericLib.BaseClass.postTest(BaseClass.java:89)
Caused by: org.openqa.selenium.NoSuchElementException: Unable to locate element: {"method":"xpath","selector":"//img[@src='themes/softed/images/user.PNG']"}
For documentation on this error, please visit: http://seleniumhq.org/exceptions/no_such_element.html
Build info: version: '2.53.1', revision: 'a36b8b1', time: '2016-06-30 17:32:46'
System info: host: 'Lenovo-PC', ip: '192.168.40.1', os.name: 'Windows 7', os.arch: 'amd64', os.version: '6.1', java.version: '1.8.0_91'
Driver info: driver.version: unknown
at <anonymous class>.FirefoxDriver.prototype.findElementInternal_(file:///C:/Users/Lenovo/AppData/Local/Temp/anonymous720071946061019678webdriver-profile/extensions/fxdriver@googlecode.com/components/driver-component.js:10770)
at <anonymous class>.fxdriver.Timer.prototype.setTimeout/<.notify(file:///C:/Users/Lenovo/AppData/Local/Temp/anonymous720071946061019678webdriver-profile/extensions/fxdriver@googlecode.com/components/driver-component.js:625)
... Removed 32 stack frames]]>
    </failure>
  </testcase> <!-- @AfterMethod postTest -->
  <testcase name="@AfterClass postConfig" time="0.0" classname="com.crm.genericLib.BaseClass">
    <skipped/>
  </testcase> <!-- @AfterClass postConfig -->
  <testcase name="@BeforeClass preConfig" time="0.0" classname="com.crm.genericLib.BaseClass">
    <skipped/>
  </testcase> <!-- @BeforeClass preConfig -->
  <testcase name="@BeforeMethod preTest" time="0.0" classname="com.crm.genericLib.BaseClass">
    <skipped/>
  </testcase> <!-- @BeforeMethod preTest -->
  <testcase name="@AfterMethod postTest" time="0.0" classname="com.crm.genericLib.BaseClass">
    <skipped/>
  </testcase> <!-- @AfterMethod postTest -->
  <testcase name="@BeforeMethod preTest" time="0.0" classname="com.crm.genericLib.BaseClass">
    <skipped/>
  </testcase> <!-- @BeforeMethod preTest -->
  <testcase name="@AfterMethod postTest" time="0.0" classname="com.crm.genericLib.BaseClass">
    <skipped/>
  </testcase> <!-- @AfterMethod postTest -->
  <testcase name="@AfterClass postConfig" time="0.0" classname="com.crm.genericLib.BaseClass">
    <skipped/>
  </testcase> <!-- @AfterClass postConfig -->
  <testcase name="createCampaignTC_04" time="17.45" classname="com.crm.contacts.test.CampaignTestTC_04"/>
  <testcase name="createCampaignTC_05" time="11.226" classname="com.crm.contacts.test.CampaignTestTC_04"/>
  <testcase name="createCampaignTC_06" time="15.584" classname="com.crm.contacts.test.CampaignTestTC_04"/>
  <testcase name="searchContactTC_33" time="12.136" classname="com.crm.contacts.test.CampaignTestTC_04"/>
  <testcase name="searchContactTC_47" time="13.728" classname="com.crm.contacts.test.CampaignTestTC_04">
    <failure type="java.lang.AssertionError" message="expected [Administrator - Contacts - vtiger CRM 5 - Commercial Open Source CRM] but found [Compose Mail]">
      <![CDATA[java.lang.AssertionError: expected [Administrator - Contacts - vtiger CRM 5 - Commercial Open Source CRM] but found [Compose Mail]
at com.crm.contacts.test.CampaignTestTC_04.searchContactTC_47(CampaignTestTC_04.java:239)
... Removed 31 stack frames]]>
    </failure>
  </testcase> <!-- searchContactTC_47 -->
  <testcase name="sendMailTC_33" time="0.0" classname="com.crm.searchContactTestScripts.SendMail">
    <skipped/>
  </testcase> <!-- sendMailTC_33 -->
  <testcase name="sendMailTC_47" time="0.0" classname="com.crm.searchContactTestScripts.SendMail">
    <skipped/>
  </testcase> <!-- sendMailTC_47 -->
  <testcase name="@BeforeSuite configBS" time="0.0" classname="com.crm.genericLib.BaseClass">
    <ignored/>
  </testcase> <!-- @BeforeSuite configBS -->
  <testcase name="@AfterSuite configAS" time="0.0" classname="com.crm.genericLib.BaseClass">
    <ignored/>
  </testcase> <!-- @AfterSuite configAS -->
</testsuite> <!-- Test -->
